\BOOKMARK [0][]{Doc-Start}{Liste des Figures}{}% 1
\BOOKMARK [0][]{Doc-Start}{Liste des Tableaux}{}% 2
\BOOKMARK [0][]{Doc-Start}{R\351sum\351}{}% 3
\BOOKMARK [0][]{Doc-Start}{Abstract}{}% 4
\BOOKMARK [0][]{Doc-Start}{Introduction G\351n\351rale}{}% 5
\BOOKMARK [0][]{chapter.1}{I Cadre du projet}{}% 6
\BOOKMARK [1][]{section.1.1}{1 Cadre du projet}{chapter.1}% 7
\BOOKMARK [1][]{section.1.2}{2 Probl\351matique}{chapter.1}% 8
\BOOKMARK [1][]{section.1.3}{3 Solutions existantes}{chapter.1}% 9
\BOOKMARK [2][]{subsection.1.3.1}{3.1 Version \351diteur}{section.1.3}% 10
\BOOKMARK [2][]{subsection.1.3.2}{3.2 Version libre}{section.1.3}% 11
\BOOKMARK [2][]{subsection.1.3.3}{3.3 Etude comparative}{section.1.3}% 12
\BOOKMARK [1][]{section.1.4}{4 Objectif du projet}{chapter.1}% 13
\BOOKMARK [1][]{section.1.5}{5 Contexte m\351thodologique du projet}{chapter.1}% 14
\BOOKMARK [2][]{subsection.1.5.1}{5.1 Le choix de la M\351thode Scrum}{section.1.5}% 15
\BOOKMARK [2][]{subsection.1.5.2}{5.2 Les r\364les et les notions}{section.1.5}% 16
\BOOKMARK [0][]{chapter.2}{II Capture,analyse et sp\351cification des besoins}{}% 17
\BOOKMARK [1][]{section.2.1}{1 \311tude de l'existant}{chapter.2}% 18
\BOOKMARK [1][]{section.2.2}{2 Critique de l'existant }{chapter.2}% 19
\BOOKMARK [1][]{section.2.3}{3 Analyse des besoins}{chapter.2}% 20
\BOOKMARK [2][]{subsection.2.3.1}{3.1 Les acteurs}{section.2.3}% 21
\BOOKMARK [2][]{subsection.2.3.2}{3.2 Les besoins fonctionnels}{section.2.3}% 22
\BOOKMARK [2][]{subsection.2.3.3}{3.3 Les besoins non fonctionnels}{section.2.3}% 23
\BOOKMARK [2][]{subsection.2.3.4}{3.4 Planification du projet}{section.2.3}% 24
\BOOKMARK [3][]{subsubsection.2.3.4.1}{3.4.1 Acteurs du projet}{subsection.2.3.4}% 25
\BOOKMARK [3][]{subsubsection.2.3.4.2}{3.4.2 Backlog produit}{subsection.2.3.4}% 26
\BOOKMARK [3][]{subsubsection.2.3.4.3}{3.4.3 Les sprints du projet}{subsection.2.3.4}% 27
\BOOKMARK [2][]{subsection.2.3.5}{3.5 Sp\351cification des besoins diagramme de cas d'utilisation global}{section.2.3}% 28
\BOOKMARK [0][]{chapter.3}{III Etude conceptuelle}{}% 29
\BOOKMARK [1][]{section.3.1}{1 Architecture physique}{chapter.3}% 30
\BOOKMARK [1][]{section.3.2}{2 Architecture logicielle}{chapter.3}% 31
\BOOKMARK [1][]{section.3.3}{3 Raffinement des diagrammes des cas d'utilisations}{chapter.3}% 32
\BOOKMARK [2][]{subsection.3.3.1}{3.1 module gestion de demande}{section.3.3}% 33
\BOOKMARK [2][]{subsection.3.3.2}{3.2 module gestion des utilisateurs}{section.3.3}% 34
\BOOKMARK [2][]{subsection.3.3.3}{3.3 Module gestion des param\350tres de la demandes.}{section.3.3}% 35
\BOOKMARK [2][]{subsection.3.3.4}{3.4 Module exportation des donn\351es}{section.3.3}% 36
\BOOKMARK [1][]{section.3.4}{4 Diagrammes structurels}{chapter.3}% 37
\BOOKMARK [2][]{subsection.3.4.1}{4.1 Diagramme de paquetages}{section.3.4}% 38
\BOOKMARK [2][]{subsection.3.4.2}{4.2 Diagramme de classes}{section.3.4}% 39
\BOOKMARK [0][]{chapter*.31}{Conclusion G\351n\351rale et Perspectives}{}% 40
\BOOKMARK [0][]{chapter*.31}{Bibliographique}{}% 41
\BOOKMARK [0][]{chapter*.32}{Annexe : Remarques Diverses}{}% 42
